<?xml version="1.0" encoding="UTF-8"?>
<testsuite name="Verificar el correcto funcionamiento del formulario de registro" tests="1" skipped="0" failures="1" errors="0" timestamp="2022-03-16T17:39:29" hostname="CHMEP9PG5RF3" time="43.15">
  <properties/>
  <testcase name="Verificar el formulario de registro exitoso" classname="Verificar el correcto funcionamiento del formulario de registro" time="43.15">
    <failure message="java.lang.AssertionError: Expected condition failed: waiting for By.xpath: /html/body/ui-view/unauthenticated-container/div/div/div/ui-view/div/div/div/div[1]/div/h1/font/font to be displayed (tried for 5 second(s) with 100 milliseconds interval)&#10;Build info: version: '3.11.0', revision: 'e59cfb3', time: '2018-03-11T20:26:55.152Z'&#10;System info: host: 'CHMEP9PG5RF3', ip: '192.168.1.7', os.name: 'Windows 10', os.arch: 'amd64', os.version: '10.0', java.version: '1.8.0_131'&#10;Driver info: driver.version: unknown" type="java.lang.AssertionError">java.lang.AssertionError: Expected condition failed: waiting for By.xpath: /html/body/ui-view/unauthenticated-container/div/div/div/ui-view/div/div/div/div[1]/div/h1/font/font to be displayed (tried for 5 second(s) with 100 milliseconds interval)
Build info: version: '3.11.0', revision: 'e59cfb3', time: '2018-03-11T20:26:55.152Z'
System info: host: 'CHMEP9PG5RF3', ip: '192.168.1.7', os.name: 'Windows 10', os.arch: 'amd64', os.version: '10.0', java.version: '1.8.0_131'
Driver info: driver.version: unknown
	at net.serenitybdd.screenplay.ErrorTally.throwSummaryExceptionFrom(ErrorTally.java:36)
	at net.serenitybdd.screenplay.ErrorTally.reportAnyErrors(ErrorTally.java:30)
	at net.serenitybdd.screenplay.Actor.should(Actor.java:187)
	at co.com.choucair.certification.retoutestautomatizacion.stepdefinitions.StepdefinitionsFields.verificaQueCompletoElRegistroWelcomeToTheWorldSLargestCommunityOfFreelanceSoftwareTesters(StepdefinitionsFields.java:64)
	at ✽.Verifica que completo el registro Welcome to the world's largest community of freelance software testers!(src/test/resources/features/registroUtest.feature:23)
</failure>
  </testcase>
  <system-out><![CDATA[]]></system-out>
  <system-err><![CDATA[mar 16, 2022 12:39:29 PM org.openqa.selenium.remote.DesiredCapabilities chrome
INFORMACIÓN: Using `new ChromeOptions()` is preferred to `DesiredCapabilities.chrome()`
Starting ChromeDriver 99.0.4844.51 (d537ec02474b5afe23684e7963d538896c63ac77-refs/branch-heads/4844@{#875}) on port 44686
Only local connections are allowed.
Please see https://chromedriver.chromium.org/security-considerations for suggestions on keeping ChromeDriver safe.
ChromeDriver was started successfully.
mar 16, 2022 12:39:31 PM org.openqa.selenium.remote.ProtocolHandshake createSession
INFORMACIÓN: Detected dialect: W3C
[Test worker] ERROR net.serenitybdd.core.Serenity - 
           __  _____ _____ ____ _____   _____ _    ___ _     _____ ____  
  _       / / |_   _| ____/ ___|_   _| |  ___/ \  |_ _| |   | ____|  _ \ 
 (_)_____| |    | | |  _| \___ \ | |   | |_ / _ \  | || |   |  _| | | | |
  _|_____| |    | | | |___ ___) || |   |  _/ ___ \ | || |___| |___| |_| |
 (_)     | |    |_| |_____|____/ |_|   |_|/_/   \_\___|_____|_____|____/ 
          \_\                                                            

TEST FAILED WITH ERROR: Verificar el formulario de registro exitoso
---------------------------------------------------------------------
[Test worker] ERROR net.serenitybdd.core.Serenity - TEST FAILED AT STEP Then answer
[Test worker] ERROR net.serenitybdd.core.Serenity - Expected condition failed: waiting for By.xpath: /html/body/ui-view/unauthenticated-container/div/div/div/ui-view/div/div/div/div[1]/div/h1/font/font to be displayed (tried for 5 second(s) with 100 milliseconds interval)Build info: version: '3.11.0', revision: 'e59cfb3', time: '2018-03-11T20:26:55.152Z'System info: host: 'CHMEP9PG5RF3', ip: '192.168.1.7', os.name: 'Windows 10', os.arch: 'amd64', os.version: '10.0', java.version: '1.8.0_131'Driver info: driver.version: unknown
]]></system-err>
</testsuite>
